Determining if the pthread_create exist failed with the following FTYPE:
Change Dir: /home/grigory/synth/build/CMakeFiles/CMakeTmp

Run Build Command:"/usr/bin/make" "cmTC_74990/fast"
/usr/bin/make -f CMakeFiles/cmTC_74990.dir/build.make CMakeFiles/cmTC_74990.dir/build
make[1]: Entering directory '/home/grigory/synth/build/CMakeFiles/CMakeTmp'
Building C object CMakeFiles/cmTC_74990.dir/CheckSymbolExists.c.o
/usr/bin/cc    -pedantic -Wall -Werror -DUSE_C11_ATOMICS=1    -o CMakeFiles/cmTC_74990.dir/CheckSymbolExists.c.o   -c /home/grigory/synth/build/CMakeFiles/CMakeTmp/CheckSymbolExists.c
/home/grigory/synth/build/CMakeFiles/CMakeTmp/CheckSymbolExists.c: In function ‘main’:
/home/grigory/synth/build/CMakeFiles/CMakeTmp/CheckSymbolExists.c:8:11: error: ISO C forbids conversion of function pointer to object pointer type [-Werror=pedantic]
   return ((int*)(&pthread_create))[argc];
           ^
cc1: all warnings being treated as errors
CMakeFiles/cmTC_74990.dir/build.make:65: recipe for target 'CMakeFiles/cmTC_74990.dir/CheckSymbolExists.c.o' failed
make[1]: *** [CMakeFiles/cmTC_74990.dir/CheckSymbolExists.c.o] Error 1
make[1]: Leaving directory '/home/grigory/synth/build/CMakeFiles/CMakeTmp'
Makefile:126: recipe for target 'cmTC_74990/fast' failed
make: *** [cmTC_74990/fast] Error 2

File /home/grigory/synth/build/CMakeFiles/CMakeTmp/CheckSymbolExists.c:
/* */
#include <pthread.h>

int main(int argc, char** argv)
{
  (void)argv;
#ifndef pthread_create
  return ((int*)(&pthread_create))[argc];
#else
  (void)argc;
  return 0;
#endif
}

Determining if the function pthread_create exists in the pthreads failed with the following FTYPE:
Change Dir: /home/grigory/synth/build/CMakeFiles/CMakeTmp

Run Build Command:"/usr/bin/make" "cmTC_f2df4/fast"
/usr/bin/make -f CMakeFiles/cmTC_f2df4.dir/build.make CMakeFiles/cmTC_f2df4.dir/build
make[1]: Entering directory '/home/grigory/synth/build/CMakeFiles/CMakeTmp'
Building C object CMakeFiles/cmTC_f2df4.dir/CheckFunctionExists.c.o
/usr/bin/cc    -pedantic -Wall -Werror -DUSE_C11_ATOMICS=1 -DCHECK_FUNCTION_EXISTS=pthread_create   -o CMakeFiles/cmTC_f2df4.dir/CheckFunctionExists.c.o   -c /usr/share/cmake-3.5/Modules/CheckFunctionExists.c
Linking C executable cmTC_f2df4
/usr/bin/cmake -E cmake_link_script CMakeFiles/cmTC_f2df4.dir/link.txt --verbose=1
/usr/bin/cc   -pedantic -Wall -Werror -DUSE_C11_ATOMICS=1 -DCHECK_FUNCTION_EXISTS=pthread_create    CMakeFiles/cmTC_f2df4.dir/CheckFunctionExists.c.o  -o cmTC_f2df4 -lpthreads 
/usr/bin/ld: cannot find -lpthreads
collect2: error: ld returned 1 exit status
CMakeFiles/cmTC_f2df4.dir/build.make:97: recipe for target 'cmTC_f2df4' failed
make[1]: *** [cmTC_f2df4] Error 1
make[1]: Leaving directory '/home/grigory/synth/build/CMakeFiles/CMakeTmp'
Makefile:126: recipe for target 'cmTC_f2df4/fast' failed
make: *** [cmTC_f2df4/fast] Error 2


